<?xml version="1.0" encoding="UTF-8"?>
<!-- Generated by org.testng.reporters.JUnitReportReporter -->
<testsuite hostname="LAPTOP-FG2Q0DK7" failures="0" tests="4" name="TestNGClasses.VerifyTheSignUpPage" time="13.356" errors="0" timestamp="2023-04-01T13:26:07 IST" skipped="0">
  <testcase classname="TestNGClasses.VerifyTheSignUpPage" name="verifyLogInWithFacebbok" time="3.634"/>
  <system-out/>
  <testcase classname="TestNGClasses.VerifyTheSignUpPage" name="verifyLogInWithFacebbok" time="3.841"/>
  <system-out/>
  <testcase classname="TestNGClasses.VerifyTheSignUpPage" name="verifySignUpPageFields" time="2.850"/>
  <system-out/>
  <testcase classname="TestNGClasses.VerifyTheSignUpPage" name="verifySignUpPageFields" time="3.031"/>
  <system-out/>
</testsuite> <!-- TestNGClasses.VerifyTheSignUpPage -->
