<?xml version="1.0" encoding="UTF-8"?>
<!-- Generated by org.testng.reporters.JUnitReportReporter -->
<testsuite hostname="LAPTOP-FG2Q0DK7" failures="0" tests="6" name="TestNGClasses.VerifyTheLogInPage" time="19.722" errors="0" timestamp="2023-04-02T06:32:53 IST" skipped="0">
  <testcase classname="TestNGClasses.VerifyTheLogInPage" name="verifyForgottenYourPasswordButton" time="1.138"/>
  <system-out/>
  <testcase classname="TestNGClasses.VerifyTheLogInPage" name="verifyFirstLogInWithFacebookButton" time="2.196"/>
  <system-out/>
  <testcase classname="TestNGClasses.VerifyTheLogInPage" name="verifyForgottenYourPasswordButton" time="3.085"/>
  <system-out/>
  <testcase classname="TestNGClasses.VerifyTheLogInPage" name="verifyTheLogInButton" time="5.178"/>
  <system-out/>
  <testcase classname="TestNGClasses.VerifyTheLogInPage" name="verifyTheLogInButton" time="3.518"/>
  <system-out/>
  <testcase classname="TestNGClasses.VerifyTheLogInPage" name="verifyFirstLogInWithFacebookButton" time="4.607"/>
  <system-out/>
</testsuite> <!-- TestNGClasses.VerifyTheLogInPage -->
